<?xml version="1.0" encoding="UTF-8"?>
<testng-results skipped="0" failed="0" ignored="0" total="1" passed="1">
  <reporter-output>
  </reporter-output>
  <suite name="Default suite" duration-ms="114441" started-at="2020-01-23T19:26:55 IST" finished-at="2020-01-23T19:28:50 IST">
    <groups>
    </groups>
    <test name="Default test" duration-ms="114441" started-at="2020-01-23T19:26:55 IST" finished-at="2020-01-23T19:28:50 IST">
      <class name="com.amazon.testcases.AmazonSearch">
        <test-method status="PASS" signature="Setup()[pri:0, instance:com.amazon.testcases.AmazonSearch@76b0bfab]" name="Setup" is-config="true" duration-ms="40294" started-at="2020-01-23T19:26:57 IST" finished-at="2020-01-23T19:27:37 IST">
          <reporter-output>
          </reporter-output>
        </test-method> <!-- Setup -->
        <test-method status="PASS" signature="searchbyTextWLtest(java.lang.String)[pri:3, instance:com.amazon.testcases.AmazonSearch@76b0bfab]" name="searchbyTextWLtest" duration-ms="72641" started-at="2020-01-23T19:27:37 IST" data-provider="getData" finished-at="2020-01-23T19:28:50 IST">
          <params>
            <param index="0">
              <value>
                <![CDATA[Bike]]>
              </value>
            </param>
          </params>
          <reporter-output>
          </reporter-output>
        </test-method> <!-- searchbyTextWLtest -->
        <test-method status="PASS" signature="tearDown()[pri:0, instance:com.amazon.testcases.AmazonSearch@76b0bfab]" name="tearDown" is-config="true" duration-ms="0" started-at="2020-01-23T19:28:50 IST" finished-at="2020-01-23T19:28:50 IST">
          <reporter-output>
          </reporter-output>
        </test-method> <!-- tearDown -->
      </class> <!-- com.amazon.testcases.AmazonSearch -->
    </test> <!-- Default test -->
  </suite> <!-- Default suite -->
</testng-results>
